[0.292s] Invoking command in '/home/anushka/ros2_ws/build/my_cpp_pkg': CMAKE_PREFIX_PATH=/home/anushka/ros2_ws/install/my_robot_interfaces:/home/anushka/ros2_ws/install/my_cpp_pkg:/home/anushka/voidwalking/ros2_ws/install/void_tests:/home/anushka/voidwalking/ros2_ws/install/turtlebot_test:/home/anushka/voidwalking/ros2_ws/install/spatio_temporal_voxel_layer:/home/anushka/voidwalking/ros2_ws/install/main:/home/anushka/voidwalking/ros2_ws/install/simulation:/home/anushka/voidwalking/ros2_ws/install/rviz_satellite:/home/anushka/voidwalking/ros2_ws/install/obstacle_avoidance:/home/anushka/voidwalking/ros2_ws/install/nav2_turtlebot3:/home/anushka/voidwalking/ros2_ws/install/mapping:/home/anushka/eric_ws/install/vid_interface:/home/anushka/ros2_ws/install/my_py_pkg:/home/anushka/voidwalking/ros2_ws/install/waypoints:/home/anushka/anu_ws/install/servo_controller:/home/anushka/eric_ws/install/camera_pkg_p:/opt/ros/humble /usr/bin/cmake --build /home/anushka/ros2_ws/build/my_cpp_pkg -- -j8 -l8
[0.361s] [35m[1mConsolidate compiler generated dependencies of target number_publisher[0m
[0.369s] [  9%] Built target cpp_node_c2
[0.375s] [ 18%] Built target cpp_node_c
[0.377s] [ 27%] Built target timer_node_1
[0.393s] [ 36%] Built target robot_news_station_exe
[0.397s] [ 45%] Built target number_counter
[0.397s] [ 50%] [32mBuilding CXX object CMakeFiles/number_publisher.dir/src/number_publisher_code.cpp.o[0m
[0.400s] [ 59%] Built target add_two_ints_server_exe
[0.407s] [ 68%] Built target smartphone_exe
[0.420s] [ 77%] Built target add_two_ints_client_exe
[0.422s] [ 86%] Built target add_two_ints_client_no_oop_exe
[0.428s] [ 95%] Built target hardware_exe
[2.977s] [01m[K/home/anushka/ros2_ws/src/my_cpp_pkg/src/number_publisher_code.cpp:[m[K In constructor â€˜[01m[KNumPublishNode::NumPublishNode()[m[Kâ€™:
[2.978s] [01m[K/home/anushka/ros2_ws/src/my_cpp_pkg/src/number_publisher_code.cpp:9:32:[m[K [01;31m[Kerror: [m[Kno matching function for call to â€˜[01m[KNumPublishNode::declare_parameter(const char [5])[m[Kâ€™
[2.978s]     9 |         [01;31m[Kthis->declare_parameter("name")[m[K;
[2.978s]       |         [01;31m[K~~~~~~~~~~~~~~~~~~~~~~~^~~~~~~~[m[K
[2.978s] In file included from [01m[K/opt/ros/humble/include/rclcpp/rclcpp/executors/single_threaded_executor.hpp:28[m[K,
[2.978s]                  from [01m[K/opt/ros/humble/include/rclcpp/rclcpp/executors.hpp:22[m[K,
[2.978s]                  from [01m[K/opt/ros/humble/include/rclcpp/rclcpp/rclcpp.hpp:155[m[K,
[2.978s]                  from [01m[K/home/anushka/ros2_ws/src/my_cpp_pkg/src/number_publisher_code.cpp:1[m[K:
[2.978s] [01m[K/opt/ros/humble/include/rclcpp/rclcpp/node.hpp:421:3:[m[K [01;36m[Knote: [m[Kcandidate: â€˜[01m[Ktemplate<class ParameterT> auto rclcpp::Node::declare_parameter(const string&, const ParameterT&, const ParameterDescriptor&, bool)[m[Kâ€™
[2.978s]   421 |   [01;36m[Kdeclare_parameter[m[K(
[2.978s]       |   [01;36m[K^~~~~~~~~~~~~~~~~[m[K
[2.978s] [01m[K/opt/ros/humble/include/rclcpp/rclcpp/node.hpp:421:3:[m[K [01;36m[Knote: [m[K  template argument deduction/substitution failed:
[2.978s] [01m[K/home/anushka/ros2_ws/src/my_cpp_pkg/src/number_publisher_code.cpp:9:32:[m[K [01;36m[Knote: [m[K  candidate expects 4 arguments, 1 provided
[2.978s]     9 |         [01;36m[Kthis->declare_parameter("name")[m[K;
[2.979s]       |         [01;36m[K~~~~~~~~~~~~~~~~~~~~~~~^~~~~~~~[m[K
[2.979s] In file included from [01m[K/opt/ros/humble/include/rclcpp/rclcpp/executors/single_threaded_executor.hpp:28[m[K,
[2.979s]                  from [01m[K/opt/ros/humble/include/rclcpp/rclcpp/executors.hpp:22[m[K,
[2.979s]                  from [01m[K/opt/ros/humble/include/rclcpp/rclcpp/rclcpp.hpp:155[m[K,
[2.979s]                  from [01m[K/home/anushka/ros2_ws/src/my_cpp_pkg/src/number_publisher_code.cpp:1[m[K:
[2.979s] [01m[K/opt/ros/humble/include/rclcpp/rclcpp/node.hpp:434:3:[m[K [01;36m[Knote: [m[Kcandidate: â€˜[01m[Ktemplate<class ParameterT> auto rclcpp::Node::declare_parameter(const string&, const ParameterDescriptor&, bool)[m[Kâ€™
[2.979s]   434 |   [01;36m[Kdeclare_parameter[m[K(
[2.979s]       |   [01;36m[K^~~~~~~~~~~~~~~~~[m[K
[2.979s] [01m[K/opt/ros/humble/include/rclcpp/rclcpp/node.hpp:434:3:[m[K [01;36m[Knote: [m[K  template argument deduction/substitution failed:
[2.979s] [01m[K/home/anushka/ros2_ws/src/my_cpp_pkg/src/number_publisher_code.cpp:9:32:[m[K [01;36m[Knote: [m[K  couldnâ€™t deduce template parameter â€˜[01m[KParameterT[m[Kâ€™
[2.979s]     9 |         [01;36m[Kthis->declare_parameter("name")[m[K;
[2.979s]       |         [01;36m[K~~~~~~~~~~~~~~~~~~~~~~~^~~~~~~~[m[K
[2.979s] In file included from [01m[K/opt/ros/humble/include/rclcpp/rclcpp/executors/single_threaded_executor.hpp:28[m[K,
[2.979s]                  from [01m[K/opt/ros/humble/include/rclcpp/rclcpp/executors.hpp:22[m[K,
[2.980s]                  from [01m[K/opt/ros/humble/include/rclcpp/rclcpp/rclcpp.hpp:155[m[K,
[2.980s]                  from [01m[K/home/anushka/ros2_ws/src/my_cpp_pkg/src/number_publisher_code.cpp:1[m[K:
[2.980s] [01m[K/opt/ros/humble/include/rclcpp/rclcpp/node.hpp:366:3:[m[K [01;36m[Knote: [m[Kcandidate: â€˜[01m[Kconst rclcpp::ParameterValue& rclcpp::Node::declare_parameter(const string&, const rclcpp::ParameterValue&, const ParameterDescriptor&, bool)[m[Kâ€™
[2.980s]   366 |   [01;36m[Kdeclare_parameter[m[K(
[2.980s]       |   [01;36m[K^~~~~~~~~~~~~~~~~[m[K
[2.980s] [01m[K/opt/ros/humble/include/rclcpp/rclcpp/node.hpp:366:3:[m[K [01;36m[Knote: [m[K  candidate expects 4 arguments, 1 provided
[2.980s] [01m[K/opt/ros/humble/include/rclcpp/rclcpp/node.hpp:391:3:[m[K [01;36m[Knote: [m[Kcandidate: â€˜[01m[Kconst rclcpp::ParameterValue& rclcpp::Node::declare_parameter(const string&, rclcpp::ParameterType, const ParameterDescriptor&, bool)[m[Kâ€™
[2.980s]   391 |   [01;36m[Kdeclare_parameter[m[K(
[2.980s]       |   [01;36m[K^~~~~~~~~~~~~~~~~[m[K
[2.980s] [01m[K/opt/ros/humble/include/rclcpp/rclcpp/node.hpp:391:3:[m[K [01;36m[Knote: [m[K  candidate expects 4 arguments, 1 provided
[3.802s] gmake[2]: *** [CMakeFiles/number_publisher.dir/build.make:76: CMakeFiles/number_publisher.dir/src/number_publisher_code.cpp.o] Error 1
[3.802s] gmake[1]: *** [CMakeFiles/Makefile2:287: CMakeFiles/number_publisher.dir/all] Error 2
[3.802s] gmake: *** [Makefile:146: all] Error 2
[3.805s] Invoked command in '/home/anushka/ros2_ws/build/my_cpp_pkg' returned '2': CMAKE_PREFIX_PATH=/home/anushka/ros2_ws/install/my_robot_interfaces:/home/anushka/ros2_ws/install/my_cpp_pkg:/home/anushka/voidwalking/ros2_ws/install/void_tests:/home/anushka/voidwalking/ros2_ws/install/turtlebot_test:/home/anushka/voidwalking/ros2_ws/install/spatio_temporal_voxel_layer:/home/anushka/voidwalking/ros2_ws/install/main:/home/anushka/voidwalking/ros2_ws/install/simulation:/home/anushka/voidwalking/ros2_ws/install/rviz_satellite:/home/anushka/voidwalking/ros2_ws/install/obstacle_avoidance:/home/anushka/voidwalking/ros2_ws/install/nav2_turtlebot3:/home/anushka/voidwalking/ros2_ws/install/mapping:/home/anushka/eric_ws/install/vid_interface:/home/anushka/ros2_ws/install/my_py_pkg:/home/anushka/voidwalking/ros2_ws/install/waypoints:/home/anushka/anu_ws/install/servo_controller:/home/anushka/eric_ws/install/camera_pkg_p:/opt/ros/humble /usr/bin/cmake --build /home/anushka/ros2_ws/build/my_cpp_pkg -- -j8 -l8
